<?xml version="1.0" encoding="UTF-8"?>
<!-- Generated by org.testng.reporters.JUnitXMLReporter -->
<testsuite hostname="Balaji-PC" name="Test" tests="2" failures="1" timestamp="14 Feb 2017 06:43:49 GMT" time="25.707" errors="0">
  <testcase name="Achievement_Creation_as_Admin" time="5.086" classname="pkge2.Driver"/>
  <testcase name="Register_New_User_Account" time="0.227" classname="pkge2.Driver">
    <failure type="java.lang.AssertionError" message="null">
      <![CDATA[java.lang.AssertionError: null
	at pkge2.Driver.DriveExcel(Driver.java:160)
	at pkge2.Driver.Register_New_User_Account(Driver.java:86)
... Removed 26 stack frames]]>
    </failure>
  </testcase> <!-- Register_New_User_Account -->
</testsuite> <!-- Test -->
